This file contains any messages produced by compilers while
running configure, to aid debugging if configure makes a mistake.

It was created by configure, which was
generated by GNU Autoconf 2.61.  Invocation command line was

  $ ./configure 

## --------- ##
## Platform. ##
## --------- ##

hostname = hideo-desktop
uname -m = i686
uname -r = 2.6.31-14-generic
uname -s = Linux
uname -v = #48-Ubuntu SMP Fri Oct 16 14:04:26 UTC 2009

/usr/bin/uname -p = unknown
/bin/uname -X     = unknown

/bin/arch              = unknown
/usr/bin/arch -k       = unknown
/usr/convex/getsysinfo = unknown
/usr/bin/hostinfo      = unknown
/bin/machine           = unknown
/usr/bin/oslevel       = unknown
/bin/universe          = unknown

PATH: /usr/local/jdk1.5.0_21/bin
PATH: /home/hideo/bin
PATH: /usr/local/sbin
PATH: /usr/local/bin
PATH: /usr/sbin
PATH: /usr/bin
PATH: /sbin
PATH: /bin
PATH: /usr/games
PATH: /home/hideo/android-sdk-linux_x86-1.6_r1/tools
PATH: /home/hideo/CodeSourcery/Sourcery_G++_Lite/bin


## ----------- ##
## Core tests. ##
## ----------- ##

configure:1986: checking for a BSD-compatible install
configure:2042: result: /usr/bin/install -c
configure:2053: checking whether build environment is sane
configure:2096: result: yes
configure:2124: checking for a thread-safe mkdir -p
configure:2163: result: /bin/mkdir -p
configure:2176: checking for gawk
configure:2192: found /usr/bin/gawk
configure:2203: result: gawk
configure:2214: checking whether make sets $(MAKE)
configure:2235: result: yes
configure:2423: checking whether to enable maintainer-specific portions of Makefiles
configure:2432: result: no
configure:2502: checking for gcc
configure:2518: found /usr/bin/gcc
configure:2529: result: gcc
configure:2767: checking for C compiler version
configure:2774: gcc --version >&5
gcc (Ubuntu 4.4.1-4ubuntu8) 4.4.1
Copyright (C) 2009 Free Software Foundation, Inc.
This is free software; see the source for copying conditions.  There is NO
warranty; not even for MERCHANTABILITY or FITNESS FOR A PARTICULAR PURPOSE.

configure:2777: $? = 0
configure:2784: gcc -v >&5
Using built-in specs.
Target: i486-linux-gnu
Configured with: ../src/configure -v --with-pkgversion='Ubuntu 4.4.1-4ubuntu8' --with-bugurl=file:///usr/share/doc/gcc-4.4/README.Bugs --enable-languages=c,c++,fortran,objc,obj-c++ --prefix=/usr --enable-shared --enable-multiarch --enable-linker-build-id --with-system-zlib --libexecdir=/usr/lib --without-included-gettext --enable-threads=posix --with-gxx-include-dir=/usr/include/c++/4.4 --program-suffix=-4.4 --enable-nls --enable-clocale=gnu --enable-libstdcxx-debug --enable-objc-gc --enable-targets=all --disable-werror --with-arch-32=i486 --with-tune=generic --enable-checking=release --build=i486-linux-gnu --host=i486-linux-gnu --target=i486-linux-gnu
Thread model: posix
gcc version 4.4.1 (Ubuntu 4.4.1-4ubuntu8) 
configure:2787: $? = 0
configure:2794: gcc -V >&5
gcc: '-V' option must have argument
configure:2797: $? = 1
configure:2820: checking for C compiler default output file name
configure:2847: gcc    conftest.c  >&5
configure:2850: $? = 0
configure:2888: result: a.out
configure:2905: checking whether the C compiler works
configure:2915: ./a.out
configure:2918: $? = 0
configure:2935: result: yes
configure:2942: checking whether we are cross compiling
configure:2944: result: no
configure:2947: checking for suffix of executables
configure:2954: gcc -o conftest    conftest.c  >&5
configure:2957: $? = 0
configure:2981: result: 
configure:2987: checking for suffix of object files
configure:3013: gcc -c   conftest.c >&5
configure:3016: $? = 0
configure:3039: result: o
configure:3043: checking whether we are using the GNU C compiler
configure:3072: gcc -c   conftest.c >&5
configure:3078: $? = 0
configure:3095: result: yes
configure:3100: checking whether gcc accepts -g
configure:3130: gcc -c -g  conftest.c >&5
configure:3136: $? = 0
configure:3235: result: yes
configure:3252: checking for gcc option to accept ISO C89
configure:3326: gcc  -c -g -O2  conftest.c >&5
configure:3332: $? = 0
configure:3355: result: none needed
configure:3384: checking for style of include used by make
configure:3412: result: GNU
configure:3437: checking dependency style of gcc
configure:3528: result: gcc3
configure:3621: checking build system type
configure:3639: result: i686-pc-linux-gnu
configure:3661: checking host system type
configure:3676: result: i686-pc-linux-gnu
configure:3698: checking for a sed that does not truncate output
configure:3754: result: /bin/sed
configure:3757: checking for grep that handles long lines and -e
configure:3831: result: /bin/grep
configure:3836: checking for egrep
configure:3914: result: /bin/grep -E
configure:3930: checking for ld used by gcc
configure:3997: result: /usr/bin/ld
configure:4006: checking if the linker (/usr/bin/ld) is GNU ld
configure:4021: result: yes
configure:4026: checking for /usr/bin/ld option to reload object files
configure:4033: result: -r
configure:4051: checking for BSD-compatible nm
configure:4100: result: /usr/bin/nm -B
configure:4104: checking whether ln -s works
configure:4108: result: yes
configure:4115: checking how to recognize dependent libraries
configure:4301: result: pass_all
configure:4546: checking how to run the C preprocessor
configure:4586: gcc -E  conftest.c
configure:4592: $? = 0
configure:4623: gcc -E  conftest.c
conftest.c:10:28: error: ac_nonexistent.h: No such file or directory
configure:4629: $? = 1
configure: failed program was:
| /* confdefs.h.  */
| #define PACKAGE_NAME ""
| #define PACKAGE_TARNAME ""
| #define PACKAGE_VERSION ""
| #define PACKAGE_STRING ""
| #define PACKAGE_BUGREPORT ""
| #define PACKAGE "libogg"
| #define VERSION "1.1.4"
| /* end confdefs.h.  */
| #include <ac_nonexistent.h>
configure:4662: result: gcc -E
configure:4691: gcc -E  conftest.c
configure:4697: $? = 0
configure:4728: gcc -E  conftest.c
conftest.c:10:28: error: ac_nonexistent.h: No such file or directory
configure:4734: $? = 1
configure: failed program was:
| /* confdefs.h.  */
| #define PACKAGE_NAME ""
| #define PACKAGE_TARNAME ""
| #define PACKAGE_VERSION ""
| #define PACKAGE_STRING ""
| #define PACKAGE_BUGREPORT ""
| #define PACKAGE "libogg"
| #define VERSION "1.1.4"
| /* end confdefs.h.  */
| #include <ac_nonexistent.h>
configure:4772: checking for ANSI C header files
configure:4802: gcc -c -g -O2  conftest.c >&5
configure:4808: $? = 0
configure:4907: gcc -o conftest -g -O2   conftest.c  >&5
configure:4910: $? = 0
configure:4916: ./conftest
configure:4919: $? = 0
configure:4936: result: yes
configure:4960: checking for sys/types.h
configure:4981: gcc -c -g -O2  conftest.c >&5
configure:4987: $? = 0
configure:5003: result: yes
configure:4960: checking for sys/stat.h
configure:4981: gcc -c -g -O2  conftest.c >&5
configure:4987: $? = 0
configure:5003: result: yes
configure:4960: checking for stdlib.h
configure:4981: gcc -c -g -O2  conftest.c >&5
configure:4987: $? = 0
configure:5003: result: yes
configure:4960: checking for string.h
configure:4981: gcc -c -g -O2  conftest.c >&5
configure:4987: $? = 0
configure:5003: result: yes
configure:4960: checking for memory.h
configure:4981: gcc -c -g -O2  conftest.c >&5
configure:4987: $? = 0
configure:5003: result: yes
configure:4960: checking for strings.h
configure:4981: gcc -c -g -O2  conftest.c >&5
configure:4987: $? = 0
configure:5003: result: yes
configure:4960: checking for inttypes.h
configure:4981: gcc -c -g -O2  conftest.c >&5
configure:4987: $? = 0
configure:5003: result: yes
configure:4960: checking for stdint.h
configure:4981: gcc -c -g -O2  conftest.c >&5
configure:4987: $? = 0
configure:5003: result: yes
configure:4960: checking for unistd.h
configure:4981: gcc -c -g -O2  conftest.c >&5
configure:4987: $? = 0
configure:5003: result: yes
configure:5030: checking dlfcn.h usability
configure:5047: gcc -c -g -O2  conftest.c >&5
configure:5053: $? = 0
configure:5067: result: yes
configure:5071: checking dlfcn.h presence
configure:5086: gcc -E  conftest.c
configure:5092: $? = 0
configure:5106: result: yes
configure:5134: checking for dlfcn.h
configure:5142: result: yes
configure:5213: checking for g++
configure:5229: found /usr/bin/g++
configure:5240: result: g++
configure:5271: checking for C++ compiler version
configure:5278: g++ --version >&5
g++ (Ubuntu 4.4.1-4ubuntu8) 4.4.1
Copyright (C) 2009 Free Software Foundation, Inc.
This is free software; see the source for copying conditions.  There is NO
warranty; not even for MERCHANTABILITY or FITNESS FOR A PARTICULAR PURPOSE.

configure:5281: $? = 0
configure:5288: g++ -v >&5
Using built-in specs.
Target: i486-linux-gnu
Configured with: ../src/configure -v --with-pkgversion='Ubuntu 4.4.1-4ubuntu8' --with-bugurl=file:///usr/share/doc/gcc-4.4/README.Bugs --enable-languages=c,c++,fortran,objc,obj-c++ --prefix=/usr --enable-shared --enable-multiarch --enable-linker-build-id --with-system-zlib --libexecdir=/usr/lib --without-included-gettext --enable-threads=posix --with-gxx-include-dir=/usr/include/c++/4.4 --program-suffix=-4.4 --enable-nls --enable-clocale=gnu --enable-libstdcxx-debug --enable-objc-gc --enable-targets=all --disable-werror --with-arch-32=i486 --with-tune=generic --enable-checking=release --build=i486-linux-gnu --host=i486-linux-gnu --target=i486-linux-gnu
Thread model: posix
gcc version 4.4.1 (Ubuntu 4.4.1-4ubuntu8) 
configure:5291: $? = 0
configure:5298: g++ -V >&5
g++: '-V' option must have argument
configure:5301: $? = 1
configure:5304: checking whether we are using the GNU C++ compiler
configure:5333: g++ -c   conftest.cpp >&5
configure:5339: $? = 0
configure:5356: result: yes
configure:5361: checking whether g++ accepts -g
configure:5391: g++ -c -g  conftest.cpp >&5
configure:5397: $? = 0
configure:5496: result: yes
configure:5521: checking dependency style of g++
configure:5612: result: gcc3
configure:5637: checking how to run the C++ preprocessor
configure:5673: g++ -E  conftest.cpp
configure:5679: $? = 0
configure:5710: g++ -E  conftest.cpp
conftest.cpp:21:28: error: ac_nonexistent.h: No such file or directory
configure:5716: $? = 1
configure: failed program was:
| /* confdefs.h.  */
| #define PACKAGE_NAME ""
| #define PACKAGE_TARNAME ""
| #define PACKAGE_VERSION ""
| #define PACKAGE_STRING ""
| #define PACKAGE_BUGREPORT ""
| #define PACKAGE "libogg"
| #define VERSION "1.1.4"
| #define STDC_HEADERS 1
| #define HAVE_SYS_TYPES_H 1
| #define HAVE_SYS_STAT_H 1
| #define HAVE_STDLIB_H 1
| #define HAVE_STRING_H 1
| #define HAVE_MEMORY_H 1
| #define HAVE_STRINGS_H 1
| #define HAVE_INTTYPES_H 1
| #define HAVE_STDINT_H 1
| #define HAVE_UNISTD_H 1
| #define HAVE_DLFCN_H 1
| /* end confdefs.h.  */
| #include <ac_nonexistent.h>
configure:5749: result: g++ -E
configure:5778: g++ -E  conftest.cpp
configure:5784: $? = 0
configure:5815: g++ -E  conftest.cpp
conftest.cpp:21:28: error: ac_nonexistent.h: No such file or directory
configure:5821: $? = 1
configure: failed program was:
| /* confdefs.h.  */
| #define PACKAGE_NAME ""
| #define PACKAGE_TARNAME ""
| #define PACKAGE_VERSION ""
| #define PACKAGE_STRING ""
| #define PACKAGE_BUGREPORT ""
| #define PACKAGE "libogg"
| #define VERSION "1.1.4"
| #define STDC_HEADERS 1
| #define HAVE_SYS_TYPES_H 1
| #define HAVE_SYS_STAT_H 1
| #define HAVE_STDLIB_H 1
| #define HAVE_STRING_H 1
| #define HAVE_MEMORY_H 1
| #define HAVE_STRINGS_H 1
| #define HAVE_INTTYPES_H 1
| #define HAVE_STDINT_H 1
| #define HAVE_UNISTD_H 1
| #define HAVE_DLFCN_H 1
| /* end confdefs.h.  */
| #include <ac_nonexistent.h>
configure:5914: checking for g77
configure:5944: result: no
configure:5914: checking for xlf
configure:5944: result: no
configure:5914: checking for f77
configure:5944: result: no
configure:5914: checking for frt
configure:5944: result: no
configure:5914: checking for pgf77
configure:5944: result: no
configure:5914: checking for cf77
configure:5944: result: no
configure:5914: checking for fort77
configure:5944: result: no
configure:5914: checking for fl32
configure:5944: result: no
configure:5914: checking for af77
configure:5944: result: no
configure:5914: checking for xlf90
configure:5944: result: no
configure:5914: checking for f90
configure:5944: result: no
configure:5914: checking for pgf90
configure:5944: result: no
configure:5914: checking for pghpf
configure:5944: result: no
configure:5914: checking for epcf90
configure:5944: result: no
configure:5914: checking for gfortran
configure:5944: result: no
configure:5914: checking for g95
configure:5944: result: no
configure:5914: checking for xlf95
configure:5944: result: no
configure:5914: checking for f95
configure:5944: result: no
configure:5914: checking for fort
configure:5944: result: no
configure:5914: checking for ifort
configure:5944: result: no
configure:5914: checking for ifc
configure:5944: result: no
configure:5914: checking for efc
configure:5944: result: no
configure:5914: checking for pgf95
configure:5944: result: no
configure:5914: checking for lf95
configure:5944: result: no
configure:5914: checking for ftn
configure:5944: result: no
configure:5971: checking for Fortran 77 compiler version
configure:5978:  --version >&5
./configure: line 5979: --version: command not found
configure:5981: $? = 127
configure:5988:  -v >&5
./configure: line 5989: -v: command not found
configure:5991: $? = 127
configure:5998:  -V >&5
./configure: line 5999: -V: command not found
configure:6001: $? = 127
configure:6009: checking whether we are using the GNU Fortran 77 compiler
configure:6028:  -c  conftest.F >&5
./configure: line 6029: -c: command not found
configure:6034: $? = 127
configure: failed program was:
|       program main
| #ifndef __GNUC__
|        choke me
| #endif
| 
|       end
configure:6051: result: no
configure:6057: checking whether  accepts -g
configure:6074:  -c -g conftest.f >&5
./configure: line 6075: -c: command not found
configure:6080: $? = 127
configure: failed program was:
|       program main
| 
|       end
configure:6096: result: no
configure:6125: checking the maximum length of command line arguments
configure:6237: result: 1572864
configure:6249: checking command to parse /usr/bin/nm -B output from gcc object
configure:6354: gcc -c -g -O2  conftest.c >&5
configure:6357: $? = 0
configure:6361: /usr/bin/nm -B conftest.o \| sed -n -e 's/^.*[ 	]\([ABCDGIRSTW][ABCDGIRSTW]*\)[ 	][ 	]*\([_A-Za-z][_A-Za-z0-9]*\)$/\1 \2 \2/p' \> conftest.nm
configure:6364: $? = 0
configure:6416: gcc -o conftest -g -O2   conftest.c conftstm.o >&5
configure:6419: $? = 0
configure:6457: result: ok
configure:6461: checking for objdir
configure:6476: result: .libs
configure:6568: checking for ar
configure:6584: found /usr/bin/ar
configure:6595: result: ar
configure:6664: checking for ranlib
configure:6680: found /usr/bin/ranlib
configure:6691: result: ranlib
configure:6760: checking for strip
configure:6776: found /usr/bin/strip
configure:6787: result: strip
configure:7385: checking if gcc supports -fno-rtti -fno-exceptions
configure:7403: gcc -c -g -O2  -fno-rtti -fno-exceptions conftest.c >&5
cc1: warning: command line option "-fno-rtti" is valid for C++/ObjC++ but not for C
configure:7407: $? = 0
configure:7420: result: no
configure:7435: checking for gcc option to produce PIC
configure:7667: result: -fPIC
configure:7675: checking if gcc PIC flag -fPIC works
configure:7693: gcc -c -g -O2  -fPIC -DPIC conftest.c >&5
configure:7697: $? = 0
configure:7710: result: yes
configure:7738: checking if gcc static flag -static works
configure:7766: result: yes
configure:7776: checking if gcc supports -c -o file.o
configure:7797: gcc -c -g -O2  -o out/conftest2.o conftest.c >&5
configure:7801: $? = 0
configure:7823: result: yes
configure:7849: checking whether the gcc linker (/usr/bin/ld) supports shared libraries
configure:8830: result: yes
configure:8851: checking whether -lc should be explicitly linked in
configure:8856: gcc -c -g -O2  conftest.c >&5
configure:8859: $? = 0
configure:8874: gcc -shared conftest.o  -v -Wl,-soname -Wl,conftest -o conftest 2\>\&1 \| grep  -lc  \>/dev/null 2\>\&1
configure:8877: $? = 0
configure:8889: result: no
configure:8897: checking dynamic linker characteristics
configure:9511: result: GNU/Linux ld.so
configure:9535: checking how to hardcode library paths into programs
configure:9560: result: immediate
configure:9574: checking whether stripping libraries is possible
configure:9579: result: yes
configure:10381: checking if libtool supports shared libraries
configure:10383: result: yes
configure:10386: checking whether to build shared libraries
configure:10407: result: yes
configure:10410: checking whether to build static libraries
configure:10414: result: yes
configure:10508: creating libtool
configure:11101: checking for ld used by g++
configure:11168: result: /usr/bin/ld
configure:11177: checking if the linker (/usr/bin/ld) is GNU ld
configure:11192: result: yes
configure:11243: checking whether the g++ linker (/usr/bin/ld) supports shared libraries
configure:12189: result: yes
configure:12206: g++ -c -g -O2  conftest.cpp >&5
configure:12209: $? = 0
configure:12365: checking for g++ option to produce PIC
configure:12649: result: -fPIC
configure:12657: checking if g++ PIC flag -fPIC works
configure:12675: g++ -c -g -O2  -fPIC -DPIC conftest.cpp >&5
configure:12679: $? = 0
configure:12692: result: yes
configure:12720: checking if g++ static flag -static works
configure:12748: result: yes
configure:12758: checking if g++ supports -c -o file.o
configure:12779: g++ -c -g -O2  -o out/conftest2.o conftest.cpp >&5
configure:12783: $? = 0
configure:12805: result: yes
configure:12831: checking whether the g++ linker (/usr/bin/ld) supports shared libraries
configure:12860: result: yes
configure:12927: checking dynamic linker characteristics
configure:13489: result: GNU/Linux ld.so
configure:13513: checking how to hardcode library paths into programs
configure:13538: result: immediate
configure:19786: checking whether gcc and cc understand -c and -o together
configure:19821: gcc -c conftest.c -o conftest2.o >&5
configure:19824: $? = 0
configure:19830: gcc -c conftest.c -o conftest2.o >&5
configure:19833: $? = 0
configure:19844: cc -c conftest.c >&5
configure:19847: $? = 0
configure:19855: cc -c conftest.c -o conftest2.o >&5
configure:19858: $? = 0
configure:19864: cc -c conftest.c -o conftest2.o >&5
configure:19867: $? = 0
configure:19885: result: yes
configure:20016: checking for ANSI C header files
configure:20180: result: yes
configure:20191: checking for an ANSI C-conforming const
configure:20266: gcc -c -O20 -ffast-math -fsigned-char -g -O2  conftest.c >&5
configure:20272: $? = 0
configure:20287: result: yes
configure:20299: checking for int16_t
configure:20329: gcc -o conftest -O20 -ffast-math -fsigned-char -g -O2   conftest.c  >&5
configure:20332: $? = 0
configure:20338: ./conftest
configure:20341: $? = 0
configure:20358: result: yes
configure:20361: checking for int32_t
configure:20391: gcc -o conftest -O20 -ffast-math -fsigned-char -g -O2   conftest.c  >&5
configure:20394: $? = 0
configure:20400: ./conftest
configure:20403: $? = 0
configure:20420: result: yes
configure:20423: checking for uint32_t
configure:20453: gcc -o conftest -O20 -ffast-math -fsigned-char -g -O2   conftest.c  >&5
conftest.c:27: error: expected '=', ',', ';', 'asm' or '__attribute__' before 'foo'
configure:20456: $? = 1
configure: program exited with status 1
configure: failed program was:
| /* confdefs.h.  */
| #define PACKAGE_NAME ""
| #define PACKAGE_TARNAME ""
| #define PACKAGE_VERSION ""
| #define PACKAGE_STRING ""
| #define PACKAGE_BUGREPORT ""
| #define PACKAGE "libogg"
| #define VERSION "1.1.4"
| #define STDC_HEADERS 1
| #define HAVE_SYS_TYPES_H 1
| #define HAVE_SYS_STAT_H 1
| #define HAVE_STDLIB_H 1
| #define HAVE_STRING_H 1
| #define HAVE_MEMORY_H 1
| #define HAVE_STRINGS_H 1
| #define HAVE_INTTYPES_H 1
| #define HAVE_STDINT_H 1
| #define HAVE_UNISTD_H 1
| #define HAVE_DLFCN_H 1
| #define STDC_HEADERS 1
| /* end confdefs.h.  */
| 
| #if defined __BEOS__ && !defined __HAIKU__
| #include <inttypes.h>
| #endif
| #include <sys/types.h>
| uint32_t foo;
| int main() {return 0;}
| 
configure:20482: result: no
configure:20485: checking for uint16_t
configure:20515: gcc -o conftest -O20 -ffast-math -fsigned-char -g -O2   conftest.c  >&5
conftest.c:27: error: expected '=', ',', ';', 'asm' or '__attribute__' before 'foo'
configure:20518: $? = 1
configure: program exited with status 1
configure: failed program was:
| /* confdefs.h.  */
| #define PACKAGE_NAME ""
| #define PACKAGE_TARNAME ""
| #define PACKAGE_VERSION ""
| #define PACKAGE_STRING ""
| #define PACKAGE_BUGREPORT ""
| #define PACKAGE "libogg"
| #define VERSION "1.1.4"
| #define STDC_HEADERS 1
| #define HAVE_SYS_TYPES_H 1
| #define HAVE_SYS_STAT_H 1
| #define HAVE_STDLIB_H 1
| #define HAVE_STRING_H 1
| #define HAVE_MEMORY_H 1
| #define HAVE_STRINGS_H 1
| #define HAVE_INTTYPES_H 1
| #define HAVE_STDINT_H 1
| #define HAVE_UNISTD_H 1
| #define HAVE_DLFCN_H 1
| #define STDC_HEADERS 1
| /* end confdefs.h.  */
| 
| #if defined __BEOS__ && !defined __HAIKU__
| #include <inttypes.h>
| #endif
| #include <sys/types.h>
| uint16_t foo;
| int main() {return 0;}
| 
configure:20544: result: no
configure:20547: checking for u_int32_t
configure:20577: gcc -o conftest -O20 -ffast-math -fsigned-char -g -O2   conftest.c  >&5
configure:20580: $? = 0
configure:20586: ./conftest
configure:20589: $? = 0
configure:20606: result: yes
configure:20609: checking for u_int16_t
configure:20639: gcc -o conftest -O20 -ffast-math -fsigned-char -g -O2   conftest.c  >&5
configure:20642: $? = 0
configure:20648: ./conftest
configure:20651: $? = 0
configure:20668: result: yes
configure:20671: checking for int64_t
configure:20701: gcc -o conftest -O20 -ffast-math -fsigned-char -g -O2   conftest.c  >&5
configure:20704: $? = 0
configure:20710: ./conftest
configure:20713: $? = 0
configure:20730: result: yes
configure:20733: checking for short
configure:20763: gcc -c -O20 -ffast-math -fsigned-char -g -O2  conftest.c >&5
configure:20769: $? = 0
configure:20784: result: yes
configure:20791: checking size of short
configure:21093: gcc -o conftest -O20 -ffast-math -fsigned-char -g -O2   conftest.c  >&5
configure:21096: $? = 0
configure:21102: ./conftest
configure:21105: $? = 0
configure:21128: result: 2
configure:21138: checking for int
configure:21168: gcc -c -O20 -ffast-math -fsigned-char -g -O2  conftest.c >&5
configure:21174: $? = 0
configure:21189: result: yes
configure:21196: checking size of int
configure:21498: gcc -o conftest -O20 -ffast-math -fsigned-char -g -O2   conftest.c  >&5
configure:21501: $? = 0
configure:21507: ./conftest
configure:21510: $? = 0
configure:21533: result: 4
configure:21543: checking for long
configure:21573: gcc -c -O20 -ffast-math -fsigned-char -g -O2  conftest.c >&5
configure:21579: $? = 0
configure:21594: result: yes
configure:21601: checking size of long
configure:21903: gcc -o conftest -O20 -ffast-math -fsigned-char -g -O2   conftest.c  >&5
configure:21906: $? = 0
configure:21912: ./conftest
configure:21915: $? = 0
configure:21938: result: 4
configure:21948: checking for long long
configure:21978: gcc -c -O20 -ffast-math -fsigned-char -g -O2  conftest.c >&5
configure:21984: $? = 0
configure:21999: result: yes
configure:22006: checking size of long long
configure:22308: gcc -o conftest -O20 -ffast-math -fsigned-char -g -O2   conftest.c  >&5
configure:22311: $? = 0
configure:22317: ./conftest
configure:22320: $? = 0
configure:22343: result: 8
configure:22437: checking for working memcmp
configure:22490: gcc -o conftest -O20 -ffast-math -fsigned-char -g -O2   conftest.c  >&5
configure:22493: $? = 0
configure:22499: ./conftest
configure:22502: $? = 0
configure:22518: result: yes
configure:22671: creating ./config.status

## ---------------------- ##
## Running config.status. ##
## ---------------------- ##

This file was extended by config.status, which was
generated by GNU Autoconf 2.61.  Invocation command line was

  CONFIG_FILES    = 
  CONFIG_HEADERS  = 
  CONFIG_LINKS    = 
  CONFIG_COMMANDS = 
  $ ./config.status 

on hideo-desktop

config.status:688: creating Makefile
config.status:688: creating src/Makefile
config.status:688: creating doc/Makefile
config.status:688: creating doc/libogg/Makefile
config.status:688: creating include/Makefile
config.status:688: creating include/ogg/Makefile
config.status:688: creating include/ogg/config_types.h
config.status:688: creating libogg.spec
config.status:688: creating ogg.pc
config.status:688: creating ogg-uninstalled.pc
config.status:688: creating config.h
config.status:967: executing depfiles commands

## ---------------- ##
## Cache variables. ##
## ---------------- ##

ac_cv_build=i686-pc-linux-gnu
ac_cv_c_compiler_gnu=yes
ac_cv_c_const=yes
ac_cv_cxx_compiler_gnu=yes
ac_cv_env_CCC_set=
ac_cv_env_CCC_value=
ac_cv_env_CC_set=
ac_cv_env_CC_value=
ac_cv_env_CFLAGS_set=
ac_cv_env_CFLAGS_value=
ac_cv_env_CPPFLAGS_set=
ac_cv_env_CPPFLAGS_value=
ac_cv_env_CPP_set=
ac_cv_env_CPP_value=
ac_cv_env_CXXCPP_set=
ac_cv_env_CXXCPP_value=
ac_cv_env_CXXFLAGS_set=
ac_cv_env_CXXFLAGS_value=
ac_cv_env_CXX_set=
ac_cv_env_CXX_value=
ac_cv_env_F77_set=
ac_cv_env_F77_value=
ac_cv_env_FFLAGS_set=
ac_cv_env_FFLAGS_value=
ac_cv_env_LDFLAGS_set=
ac_cv_env_LDFLAGS_value=
ac_cv_env_LIBS_set=
ac_cv_env_LIBS_value=
ac_cv_env_build_alias_set=
ac_cv_env_build_alias_value=
ac_cv_env_host_alias_set=
ac_cv_env_host_alias_value=
ac_cv_env_target_alias_set=
ac_cv_env_target_alias_value=
ac_cv_f77_compiler_gnu=no
ac_cv_func_memcmp_working=yes
ac_cv_header_dlfcn_h=yes
ac_cv_header_inttypes_h=yes
ac_cv_header_memory_h=yes
ac_cv_header_stdc=yes
ac_cv_header_stdint_h=yes
ac_cv_header_stdlib_h=yes
ac_cv_header_string_h=yes
ac_cv_header_strings_h=yes
ac_cv_header_sys_stat_h=yes
ac_cv_header_sys_types_h=yes
ac_cv_header_unistd_h=yes
ac_cv_host=i686-pc-linux-gnu
ac_cv_objext=o
ac_cv_path_EGREP='/bin/grep -E'
ac_cv_path_GREP=/bin/grep
ac_cv_path_install='/usr/bin/install -c'
ac_cv_path_mkdir=/bin/mkdir
ac_cv_prog_AWK=gawk
ac_cv_prog_CPP='gcc -E'
ac_cv_prog_CXXCPP='g++ -E'
ac_cv_prog_ac_ct_AR=ar
ac_cv_prog_ac_ct_CC=gcc
ac_cv_prog_ac_ct_CXX=g++
ac_cv_prog_ac_ct_RANLIB=ranlib
ac_cv_prog_ac_ct_STRIP=strip
ac_cv_prog_cc_c89=
ac_cv_prog_cc_g=yes
ac_cv_prog_cc_gcc_c_o=yes
ac_cv_prog_cxx_g=yes
ac_cv_prog_f77_g=no
ac_cv_prog_make_make_set=yes
ac_cv_sizeof_int=4
ac_cv_sizeof_long=4
ac_cv_sizeof_long_long=8
ac_cv_sizeof_short=2
ac_cv_type_int=yes
ac_cv_type_long=yes
ac_cv_type_long_long=yes
ac_cv_type_short=yes
am_cv_CC_dependencies_compiler_type=gcc3
am_cv_CXX_dependencies_compiler_type=gcc3
has_cv_int16_t=yes
has_cv_int32_t=yes
has_cv_int64_t=yes
has_cv_u_int16_t=yes
has_cv_u_int32_t=yes
has_cv_uint16_t=no
has_cv_uint32_t=no
lt_cv_deplibs_check_method=pass_all
lt_cv_file_magic_cmd='$MAGIC_CMD'
lt_cv_file_magic_test_file=
lt_cv_ld_reload_flag=-r
lt_cv_objdir=.libs
lt_cv_path_LD=/usr/bin/ld
lt_cv_path_LDCXX=/usr/bin/ld
lt_cv_path_NM='/usr/bin/nm -B'
lt_cv_path_SED=/bin/sed
lt_cv_prog_compiler_c_o=yes
lt_cv_prog_compiler_c_o_CXX=yes
lt_cv_prog_compiler_pic_works=yes
lt_cv_prog_compiler_pic_works_CXX=yes
lt_cv_prog_compiler_rtti_exceptions=no
lt_cv_prog_compiler_static_works=yes
lt_cv_prog_compiler_static_works_CXX=yes
lt_cv_prog_gnu_ld=yes
lt_cv_prog_gnu_ldcxx=yes
lt_cv_sys_global_symbol_pipe='sed -n -e '\''s/^.*[ 	]\([ABCDGIRSTW][ABCDGIRSTW]*\)[ 	][ 	]*\([_A-Za-z][_A-Za-z0-9]*\)$/\1 \2 \2/p'\'''
lt_cv_sys_global_symbol_to_c_name_address='sed -n -e '\''s/^: \([^ ]*\) $/  {\"\1\", (lt_ptr) 0},/p'\'' -e '\''s/^[BCDEGRST] \([^ ]*\) \([^ ]*\)$/  {"\2", (lt_ptr) \&\2},/p'\'''
lt_cv_sys_global_symbol_to_cdecl='sed -n -e '\''s/^. .* \(.*\)$/extern int \1;/p'\'''
lt_cv_sys_lib_dlsearch_path_spec='/lib /usr/lib /lib/i486-linux-gnu /usr/lib/i486-linux-gnu /usr/lib/alsa-lib /usr/local/lib '
lt_cv_sys_lib_search_path_spec='/usr/lib/gcc/i486-linux-gnu/4.4.1 /usr/lib /lib /usr/lib/i486-linux-gnu'
lt_cv_sys_max_cmd_len=1572864
lt_lt_cv_prog_compiler_c_o='"yes"'
lt_lt_cv_prog_compiler_c_o_CXX='"yes"'
lt_lt_cv_sys_global_symbol_pipe='"sed -n -e '\''s/^.*[ 	]\\([ABCDGIRSTW][ABCDGIRSTW]*\\)[ 	][ 	]*\\([_A-Za-z][_A-Za-z0-9]*\\)\$/\\1 \\2 \\2/p'\''"'
lt_lt_cv_sys_global_symbol_to_c_name_address='"sed -n -e '\''s/^: \\([^ ]*\\) \$/  {\\\"\\1\\\", (lt_ptr) 0},/p'\'' -e '\''s/^[BCDEGRST] \\([^ ]*\\) \\([^ ]*\\)\$/  {\"\\2\", (lt_ptr) \\&\\2},/p'\''"'
lt_lt_cv_sys_global_symbol_to_cdecl='"sed -n -e '\''s/^. .* \\(.*\\)\$/extern int \\1;/p'\''"'

## ----------------- ##
## Output variables. ##
## ----------------- ##

ACLOCAL='${SHELL} /home/hideo/mydroid-donut/external/upnp-extension/libogg/missing --run aclocal-1.10'
AMDEPBACKSLASH='\'
AMDEP_FALSE='#'
AMDEP_TRUE=''
AMTAR='${SHELL} /home/hideo/mydroid-donut/external/upnp-extension/libogg/missing --run tar'
AR='ar'
AUTOCONF='${SHELL} /home/hideo/mydroid-donut/external/upnp-extension/libogg/missing --run autoconf'
AUTOHEADER='${SHELL} /home/hideo/mydroid-donut/external/upnp-extension/libogg/missing --run autoheader'
AUTOMAKE='${SHELL} /home/hideo/mydroid-donut/external/upnp-extension/libogg/missing --run automake-1.10'
AWK='gawk'
CC='gcc'
CCDEPMODE='depmode=gcc3'
CFLAGS='-O20 -ffast-math -fsigned-char -g -O2'
CPP='gcc -E'
CPPFLAGS=''
CXX='g++'
CXXCPP='g++ -E'
CXXDEPMODE='depmode=gcc3'
CXXFLAGS='-g -O2'
CYGPATH_W='echo'
DEBUG='-g -Wall -fsigned-char -g -O2'
DEFS='-DHAVE_CONFIG_H'
DEPDIR='.deps'
DSYMUTIL=''
ECHO='echo'
ECHO_C=''
ECHO_N='-n'
ECHO_T=''
EGREP='/bin/grep -E'
EXEEXT=''
F77=''
FFLAGS=''
GREP='/bin/grep'
INSTALL_DATA='${INSTALL} -m 644'
INSTALL_PROGRAM='${INSTALL}'
INSTALL_SCRIPT='${INSTALL}'
INSTALL_STRIP_PROGRAM='$(install_sh) -c -s'
LDFLAGS=''
LIBOBJS=''
LIBS=''
LIBTOOL='$(SHELL) $(top_builddir)/libtool'
LIBTOOL_DEPS='./ltmain.sh'
LIB_AGE='6'
LIB_CURRENT='6'
LIB_REVISION='0'
LN_S='ln -s'
LTLIBOBJS=''
MAINT='#'
MAINTAINER_MODE_FALSE=''
MAINTAINER_MODE_TRUE='#'
MAKEINFO='${SHELL} /home/hideo/mydroid-donut/external/upnp-extension/libogg/missing --run makeinfo'
NMEDIT=''
OBJEXT='o'
OPT=''
PACKAGE='libogg'
PACKAGE_BUGREPORT=''
PACKAGE_NAME=''
PACKAGE_STRING=''
PACKAGE_TARNAME=''
PACKAGE_VERSION=''
PATH_SEPARATOR=':'
PROFILE='-Wall -W -pg -g -O20 -ffast-math -fsigned-char -g -O2'
RANLIB='ranlib'
SED='/bin/sed'
SET_MAKE=''
SHELL='/bin/sh'
SIZE16='int16_t'
SIZE32='int32_t'
SIZE64='int64_t'
STRIP='strip'
USIZE16='u_int16_t'
USIZE32='u_int32_t'
VERSION='1.1.4'
ac_ct_CC='gcc'
ac_ct_CXX='g++'
ac_ct_F77=''
am__fastdepCC_FALSE='#'
am__fastdepCC_TRUE=''
am__fastdepCXX_FALSE='#'
am__fastdepCXX_TRUE=''
am__include='include'
am__isrc=''
am__leading_dot='.'
am__quote=''
am__tar='${AMTAR} chof - "$$tardir"'
am__untar='${AMTAR} xf -'
bindir='${exec_prefix}/bin'
build='i686-pc-linux-gnu'
build_alias=''
build_cpu='i686'
build_os='linux-gnu'
build_vendor='pc'
datadir='${datarootdir}'
datarootdir='${prefix}/share'
docdir='${datarootdir}/doc/${PACKAGE}'
dvidir='${docdir}'
exec_prefix='${prefix}'
host='i686-pc-linux-gnu'
host_alias=''
host_cpu='i686'
host_os='linux-gnu'
host_vendor='pc'
htmldir='${docdir}'
includedir='${prefix}/include'
infodir='${datarootdir}/info'
install_sh='$(SHELL) /home/hideo/mydroid-donut/external/upnp-extension/libogg/install-sh'
libdir='${exec_prefix}/lib'
libexecdir='${exec_prefix}/libexec'
localedir='${datarootdir}/locale'
localstatedir='${prefix}/var'
mandir='${datarootdir}/man'
mkdir_p='/bin/mkdir -p'
oldincludedir='/usr/include'
pdfdir='${docdir}'
prefix='/usr/local'
program_transform_name='s,x,x,'
psdir='${docdir}'
sbindir='${exec_prefix}/sbin'
sharedstatedir='${prefix}/com'
sysconfdir='${prefix}/etc'
target_alias=''

## ----------- ##
## confdefs.h. ##
## ----------- ##

#define PACKAGE_NAME ""
#define PACKAGE_TARNAME ""
#define PACKAGE_VERSION ""
#define PACKAGE_STRING ""
#define PACKAGE_BUGREPORT ""
#define PACKAGE "libogg"
#define VERSION "1.1.4"
#define STDC_HEADERS 1
#define HAVE_SYS_TYPES_H 1
#define HAVE_SYS_STAT_H 1
#define HAVE_STDLIB_H 1
#define HAVE_STRING_H 1
#define HAVE_MEMORY_H 1
#define HAVE_STRINGS_H 1
#define HAVE_INTTYPES_H 1
#define HAVE_STDINT_H 1
#define HAVE_UNISTD_H 1
#define HAVE_DLFCN_H 1
#define STDC_HEADERS 1
#define SIZEOF_SHORT 2
#define SIZEOF_INT 4
#define SIZEOF_LONG 4
#define SIZEOF_LONG_LONG 8

configure: exit 0
