This file contains any messages produced by compilers while
running configure, to aid debugging if configure makes a mistake.

It was created by EXIF library configure 0.6.17, which was
generated by GNU Autoconf 2.61.  Invocation command line was

  $ ./configure 

## --------- ##
## Platform. ##
## --------- ##

hostname = hideo-desktop
uname -m = i686
uname -r = 2.6.31-14-generic
uname -s = Linux
uname -v = #48-Ubuntu SMP Fri Oct 16 14:04:26 UTC 2009

/usr/bin/uname -p = unknown
/bin/uname -X     = unknown

/bin/arch              = unknown
/usr/bin/arch -k       = unknown
/usr/convex/getsysinfo = unknown
/usr/bin/hostinfo      = unknown
/bin/machine           = unknown
/usr/bin/oslevel       = unknown
/bin/universe          = unknown

PATH: /usr/local/jdk1.5.0_21/bin
PATH: /home/hideo/bin
PATH: /usr/local/sbin
PATH: /usr/local/bin
PATH: /usr/sbin
PATH: /usr/bin
PATH: /sbin
PATH: /bin
PATH: /usr/games
PATH: /home/hideo/android-sdk-linux_x86-1.6_r1/tools
PATH: /home/hideo/CodeSourcery/Sourcery_G++_Lite/bin


## ----------- ##
## Core tests. ##
## ----------- ##

configure:2033: checking for a BSD-compatible install
configure:2089: result: /usr/bin/install -c
configure:2100: checking whether build environment is sane
configure:2143: result: yes
configure:2171: checking for a thread-safe mkdir -p
configure:2210: result: /bin/mkdir -p
configure:2223: checking for gawk
configure:2239: found /usr/bin/gawk
configure:2250: result: gawk
configure:2261: checking whether make sets $(MAKE)
configure:2282: result: yes
configure:2508: checking for POSIX sh $() command substitution
configure:2512: result: yes
configure:2637: checking for gcc
configure:2653: found /usr/bin/gcc
configure:2664: result: gcc
configure:2902: checking for C compiler version
configure:2909: gcc --version >&5
gcc (Ubuntu 4.4.1-4ubuntu8) 4.4.1
Copyright (C) 2009 Free Software Foundation, Inc.
This is free software; see the source for copying conditions.  There is NO
warranty; not even for MERCHANTABILITY or FITNESS FOR A PARTICULAR PURPOSE.

configure:2912: $? = 0
configure:2919: gcc -v >&5
Using built-in specs.
Target: i486-linux-gnu
Configured with: ../src/configure -v --with-pkgversion='Ubuntu 4.4.1-4ubuntu8' --with-bugurl=file:///usr/share/doc/gcc-4.4/README.Bugs --enable-languages=c,c++,fortran,objc,obj-c++ --prefix=/usr --enable-shared --enable-multiarch --enable-linker-build-id --with-system-zlib --libexecdir=/usr/lib --without-included-gettext --enable-threads=posix --with-gxx-include-dir=/usr/include/c++/4.4 --program-suffix=-4.4 --enable-nls --enable-clocale=gnu --enable-libstdcxx-debug --enable-objc-gc --enable-targets=all --disable-werror --with-arch-32=i486 --with-tune=generic --enable-checking=release --build=i486-linux-gnu --host=i486-linux-gnu --target=i486-linux-gnu
Thread model: posix
gcc version 4.4.1 (Ubuntu 4.4.1-4ubuntu8) 
configure:2922: $? = 0
configure:2929: gcc -V >&5
gcc: '-V' option must have argument
configure:2932: $? = 1
configure:2955: checking for C compiler default output file name
configure:2982: gcc    conftest.c  >&5
configure:2985: $? = 0
configure:3023: result: a.out
configure:3040: checking whether the C compiler works
configure:3050: ./a.out
configure:3053: $? = 0
configure:3070: result: yes
configure:3077: checking whether we are cross compiling
configure:3079: result: no
configure:3082: checking for suffix of executables
configure:3089: gcc -o conftest    conftest.c  >&5
configure:3092: $? = 0
configure:3116: result: 
configure:3122: checking for suffix of object files
configure:3148: gcc -c   conftest.c >&5
configure:3151: $? = 0
configure:3174: result: o
configure:3178: checking whether we are using the GNU C compiler
configure:3207: gcc -c   conftest.c >&5
configure:3213: $? = 0
configure:3230: result: yes
configure:3235: checking whether gcc accepts -g
configure:3265: gcc -c -g  conftest.c >&5
configure:3271: $? = 0
configure:3370: result: yes
configure:3387: checking for gcc option to accept ISO C89
configure:3461: gcc  -c -g -O2  conftest.c >&5
configure:3467: $? = 0
configure:3490: result: none needed
configure:3519: checking for style of include used by make
configure:3547: result: GNU
configure:3572: checking dependency style of gcc
configure:3663: result: gcc3
configure:3679: checking for an ANSI C-conforming const
configure:3754: gcc -c -g -O2  conftest.c >&5
configure:3760: $? = 0
configure:3775: result: yes
configure:3863: checking build system type
configure:3881: result: i686-pc-linux-gnu
configure:3903: checking host system type
configure:3918: result: i686-pc-linux-gnu
configure:3940: checking for a sed that does not truncate output
configure:3996: result: /bin/sed
configure:3999: checking for grep that handles long lines and -e
configure:4073: result: /bin/grep
configure:4078: checking for egrep
configure:4156: result: /bin/grep -E
configure:4172: checking for ld used by gcc
configure:4239: result: /usr/bin/ld
configure:4248: checking if the linker (/usr/bin/ld) is GNU ld
configure:4263: result: yes
configure:4268: checking for /usr/bin/ld option to reload object files
configure:4275: result: -r
configure:4293: checking for BSD-compatible nm
configure:4342: result: /usr/bin/nm -B
configure:4346: checking whether ln -s works
configure:4350: result: yes
configure:4357: checking how to recognize dependent libraries
configure:4543: result: pass_all
configure:4783: checking how to run the C preprocessor
configure:4823: gcc -E  conftest.c
configure:4829: $? = 0
configure:4860: gcc -E  conftest.c
conftest.c:10:28: error: ac_nonexistent.h: No such file or directory
configure:4866: $? = 1
configure: failed program was:
| /* confdefs.h.  */
| #define PACKAGE_NAME "EXIF library"
| #define PACKAGE_TARNAME "libexif"
| #define PACKAGE_VERSION "0.6.17"
| #define PACKAGE_STRING "EXIF library 0.6.17"
| #define PACKAGE_BUGREPORT "libexif-devel@lists.sourceforge.net"
| #define PACKAGE "libexif"
| #define VERSION "0.6.17"
| /* end confdefs.h.  */
| #include <ac_nonexistent.h>
configure:4899: result: gcc -E
configure:4928: gcc -E  conftest.c
configure:4934: $? = 0
configure:4965: gcc -E  conftest.c
conftest.c:10:28: error: ac_nonexistent.h: No such file or directory
configure:4971: $? = 1
configure: failed program was:
| /* confdefs.h.  */
| #define PACKAGE_NAME "EXIF library"
| #define PACKAGE_TARNAME "libexif"
| #define PACKAGE_VERSION "0.6.17"
| #define PACKAGE_STRING "EXIF library 0.6.17"
| #define PACKAGE_BUGREPORT "libexif-devel@lists.sourceforge.net"
| #define PACKAGE "libexif"
| #define VERSION "0.6.17"
| /* end confdefs.h.  */
| #include <ac_nonexistent.h>
configure:5009: checking for ANSI C header files
configure:5039: gcc -c -g -O2  conftest.c >&5
configure:5045: $? = 0
configure:5144: gcc -o conftest -g -O2   conftest.c  >&5
configure:5147: $? = 0
configure:5153: ./conftest
configure:5156: $? = 0
configure:5173: result: yes
configure:5197: checking for sys/types.h
configure:5218: gcc -c -g -O2  conftest.c >&5
configure:5224: $? = 0
configure:5240: result: yes
configure:5197: checking for sys/stat.h
configure:5218: gcc -c -g -O2  conftest.c >&5
configure:5224: $? = 0
configure:5240: result: yes
configure:5197: checking for stdlib.h
configure:5218: gcc -c -g -O2  conftest.c >&5
configure:5224: $? = 0
configure:5240: result: yes
configure:5197: checking for string.h
configure:5218: gcc -c -g -O2  conftest.c >&5
configure:5224: $? = 0
configure:5240: result: yes
configure:5197: checking for memory.h
configure:5218: gcc -c -g -O2  conftest.c >&5
configure:5224: $? = 0
configure:5240: result: yes
configure:5197: checking for strings.h
configure:5218: gcc -c -g -O2  conftest.c >&5
configure:5224: $? = 0
configure:5240: result: yes
configure:5197: checking for inttypes.h
configure:5218: gcc -c -g -O2  conftest.c >&5
configure:5224: $? = 0
configure:5240: result: yes
configure:5197: checking for stdint.h
configure:5218: gcc -c -g -O2  conftest.c >&5
configure:5224: $? = 0
configure:5240: result: yes
configure:5197: checking for unistd.h
configure:5218: gcc -c -g -O2  conftest.c >&5
configure:5224: $? = 0
configure:5240: result: yes
configure:5267: checking dlfcn.h usability
configure:5284: gcc -c -g -O2  conftest.c >&5
configure:5290: $? = 0
configure:5304: result: yes
configure:5308: checking dlfcn.h presence
configure:5323: gcc -E  conftest.c
configure:5329: $? = 0
configure:5343: result: yes
configure:5376: checking for dlfcn.h
configure:5384: result: yes
configure:5455: checking for g++
configure:5471: found /usr/bin/g++
configure:5482: result: g++
configure:5513: checking for C++ compiler version
configure:5520: g++ --version >&5
g++ (Ubuntu 4.4.1-4ubuntu8) 4.4.1
Copyright (C) 2009 Free Software Foundation, Inc.
This is free software; see the source for copying conditions.  There is NO
warranty; not even for MERCHANTABILITY or FITNESS FOR A PARTICULAR PURPOSE.

configure:5523: $? = 0
configure:5530: g++ -v >&5
Using built-in specs.
Target: i486-linux-gnu
Configured with: ../src/configure -v --with-pkgversion='Ubuntu 4.4.1-4ubuntu8' --with-bugurl=file:///usr/share/doc/gcc-4.4/README.Bugs --enable-languages=c,c++,fortran,objc,obj-c++ --prefix=/usr --enable-shared --enable-multiarch --enable-linker-build-id --with-system-zlib --libexecdir=/usr/lib --without-included-gettext --enable-threads=posix --with-gxx-include-dir=/usr/include/c++/4.4 --program-suffix=-4.4 --enable-nls --enable-clocale=gnu --enable-libstdcxx-debug --enable-objc-gc --enable-targets=all --disable-werror --with-arch-32=i486 --with-tune=generic --enable-checking=release --build=i486-linux-gnu --host=i486-linux-gnu --target=i486-linux-gnu
Thread model: posix
gcc version 4.4.1 (Ubuntu 4.4.1-4ubuntu8) 
configure:5533: $? = 0
configure:5540: g++ -V >&5
g++: '-V' option must have argument
configure:5543: $? = 1
configure:5546: checking whether we are using the GNU C++ compiler
configure:5575: g++ -c   conftest.cpp >&5
configure:5581: $? = 0
configure:5598: result: yes
configure:5603: checking whether g++ accepts -g
configure:5633: g++ -c -g  conftest.cpp >&5
configure:5639: $? = 0
configure:5738: result: yes
configure:5763: checking dependency style of g++
configure:5854: result: gcc3
configure:5879: checking how to run the C++ preprocessor
configure:5915: g++ -E  conftest.cpp
configure:5921: $? = 0
configure:5952: g++ -E  conftest.cpp
conftest.cpp:21:28: error: ac_nonexistent.h: No such file or directory
configure:5958: $? = 1
configure: failed program was:
| /* confdefs.h.  */
| #define PACKAGE_NAME "EXIF library"
| #define PACKAGE_TARNAME "libexif"
| #define PACKAGE_VERSION "0.6.17"
| #define PACKAGE_STRING "EXIF library 0.6.17"
| #define PACKAGE_BUGREPORT "libexif-devel@lists.sourceforge.net"
| #define PACKAGE "libexif"
| #define VERSION "0.6.17"
| #define STDC_HEADERS 1
| #define HAVE_SYS_TYPES_H 1
| #define HAVE_SYS_STAT_H 1
| #define HAVE_STDLIB_H 1
| #define HAVE_STRING_H 1
| #define HAVE_MEMORY_H 1
| #define HAVE_STRINGS_H 1
| #define HAVE_INTTYPES_H 1
| #define HAVE_STDINT_H 1
| #define HAVE_UNISTD_H 1
| #define HAVE_DLFCN_H 1
| /* end confdefs.h.  */
| #include <ac_nonexistent.h>
configure:5991: result: g++ -E
configure:6020: g++ -E  conftest.cpp
configure:6026: $? = 0
configure:6057: g++ -E  conftest.cpp
conftest.cpp:21:28: error: ac_nonexistent.h: No such file or directory
configure:6063: $? = 1
configure: failed program was:
| /* confdefs.h.  */
| #define PACKAGE_NAME "EXIF library"
| #define PACKAGE_TARNAME "libexif"
| #define PACKAGE_VERSION "0.6.17"
| #define PACKAGE_STRING "EXIF library 0.6.17"
| #define PACKAGE_BUGREPORT "libexif-devel@lists.sourceforge.net"
| #define PACKAGE "libexif"
| #define VERSION "0.6.17"
| #define STDC_HEADERS 1
| #define HAVE_SYS_TYPES_H 1
| #define HAVE_SYS_STAT_H 1
| #define HAVE_STDLIB_H 1
| #define HAVE_STRING_H 1
| #define HAVE_MEMORY_H 1
| #define HAVE_STRINGS_H 1
| #define HAVE_INTTYPES_H 1
| #define HAVE_STDINT_H 1
| #define HAVE_UNISTD_H 1
| #define HAVE_DLFCN_H 1
| /* end confdefs.h.  */
| #include <ac_nonexistent.h>
configure:6156: checking for g77
configure:6186: result: no
configure:6156: checking for xlf
configure:6186: result: no
configure:6156: checking for f77
configure:6186: result: no
configure:6156: checking for frt
configure:6186: result: no
configure:6156: checking for pgf77
configure:6186: result: no
configure:6156: checking for cf77
configure:6186: result: no
configure:6156: checking for fort77
configure:6186: result: no
configure:6156: checking for fl32
configure:6186: result: no
configure:6156: checking for af77
configure:6186: result: no
configure:6156: checking for xlf90
configure:6186: result: no
configure:6156: checking for f90
configure:6186: result: no
configure:6156: checking for pgf90
configure:6186: result: no
configure:6156: checking for pghpf
configure:6186: result: no
configure:6156: checking for epcf90
configure:6186: result: no
configure:6156: checking for gfortran
configure:6186: result: no
configure:6156: checking for g95
configure:6186: result: no
configure:6156: checking for xlf95
configure:6186: result: no
configure:6156: checking for f95
configure:6186: result: no
configure:6156: checking for fort
configure:6186: result: no
configure:6156: checking for ifort
configure:6186: result: no
configure:6156: checking for ifc
configure:6186: result: no
configure:6156: checking for efc
configure:6186: result: no
configure:6156: checking for pgf95
configure:6186: result: no
configure:6156: checking for lf95
configure:6186: result: no
configure:6156: checking for ftn
configure:6186: result: no
configure:6213: checking for Fortran 77 compiler version
configure:6220:  --version >&5
./configure: line 6221: --version: command not found
configure:6223: $? = 127
configure:6230:  -v >&5
./configure: line 6231: -v: command not found
configure:6233: $? = 127
configure:6240:  -V >&5
./configure: line 6241: -V: command not found
configure:6243: $? = 127
configure:6251: checking whether we are using the GNU Fortran 77 compiler
configure:6270:  -c  conftest.F >&5
./configure: line 6271: -c: command not found
configure:6276: $? = 127
configure: failed program was:
|       program main
| #ifndef __GNUC__
|        choke me
| #endif
| 
|       end
configure:6293: result: no
configure:6299: checking whether  accepts -g
configure:6316:  -c -g conftest.f >&5
./configure: line 6317: -c: command not found
configure:6322: $? = 127
configure: failed program was:
|       program main
| 
|       end
configure:6338: result: no
configure:6368: checking the maximum length of command line arguments
configure:6480: result: 1572864
configure:6492: checking command to parse /usr/bin/nm -B output from gcc object
configure:6597: gcc -c -g -O2  conftest.c >&5
configure:6600: $? = 0
configure:6604: /usr/bin/nm -B conftest.o \| sed -n -e 's/^.*[ 	]\([ABCDGIRSTW][ABCDGIRSTW]*\)[ 	][ 	]*\([_A-Za-z][_A-Za-z0-9]*\)$/\1 \2 \2/p' \> conftest.nm
configure:6607: $? = 0
configure:6659: gcc -o conftest -g -O2   conftest.c conftstm.o >&5
configure:6662: $? = 0
configure:6700: result: ok
configure:6704: checking for objdir
configure:6719: result: .libs
configure:6811: checking for ar
configure:6827: found /usr/bin/ar
configure:6838: result: ar
configure:6907: checking for ranlib
configure:6923: found /usr/bin/ranlib
configure:6934: result: ranlib
configure:7003: checking for strip
configure:7019: found /usr/bin/strip
configure:7030: result: strip
configure:7316: checking if gcc supports -fno-rtti -fno-exceptions
configure:7334: gcc -c -g -O2  -fno-rtti -fno-exceptions conftest.c >&5
cc1: warning: command line option "-fno-rtti" is valid for C++/ObjC++ but not for C
configure:7338: $? = 0
configure:7351: result: no
configure:7366: checking for gcc option to produce PIC
configure:7598: result: -fPIC
configure:7606: checking if gcc PIC flag -fPIC works
configure:7624: gcc -c -g -O2  -fPIC -DPIC conftest.c >&5
configure:7628: $? = 0
configure:7641: result: yes
configure:7669: checking if gcc static flag -static works
configure:7697: result: yes
configure:7707: checking if gcc supports -c -o file.o
configure:7728: gcc -c -g -O2  -o out/conftest2.o conftest.c >&5
configure:7732: $? = 0
configure:7754: result: yes
configure:7780: checking whether the gcc linker (/usr/bin/ld) supports shared libraries
configure:8760: result: yes
configure:8781: checking whether -lc should be explicitly linked in
configure:8786: gcc -c -g -O2  conftest.c >&5
configure:8789: $? = 0
configure:8804: gcc -shared conftest.o  -v -Wl,-soname -Wl,conftest -o conftest 2\>\&1 \| grep  -lc  \>/dev/null 2\>\&1
configure:8807: $? = 0
configure:8819: result: no
configure:8827: checking dynamic linker characteristics
configure:9450: result: GNU/Linux ld.so
configure:9459: checking how to hardcode library paths into programs
configure:9484: result: immediate
configure:9498: checking whether stripping libraries is possible
configure:9503: result: yes
configure:10305: checking if libtool supports shared libraries
configure:10307: result: yes
configure:10310: checking whether to build shared libraries
configure:10331: result: yes
configure:10334: checking whether to build static libraries
configure:10338: result: yes
configure:10431: creating libtool
configure:11022: checking for ld used by g++
configure:11089: result: /usr/bin/ld
configure:11098: checking if the linker (/usr/bin/ld) is GNU ld
configure:11113: result: yes
configure:11164: checking whether the g++ linker (/usr/bin/ld) supports shared libraries
configure:12138: result: yes
configure:12156: g++ -c -g -O2  conftest.cpp >&5
configure:12159: $? = 0
configure:12311: checking for g++ option to produce PIC
configure:12595: result: -fPIC
configure:12603: checking if g++ PIC flag -fPIC works
configure:12621: g++ -c -g -O2  -fPIC -DPIC conftest.cpp >&5
configure:12625: $? = 0
configure:12638: result: yes
configure:12666: checking if g++ static flag -static works
configure:12694: result: yes
configure:12704: checking if g++ supports -c -o file.o
configure:12725: g++ -c -g -O2  -o out/conftest2.o conftest.cpp >&5
configure:12729: $? = 0
configure:12751: result: yes
configure:12777: checking whether the g++ linker (/usr/bin/ld) supports shared libraries
configure:12802: result: yes
configure:12869: checking dynamic linker characteristics
configure:13440: result: GNU/Linux ld.so
configure:13449: checking how to hardcode library paths into programs
configure:13474: result: immediate
configure:19720: checking for uint8_t in stdint.h
configure:19737: result: yes
configure:19918: checking for sqrt
configure:19974: gcc -o conftest    conftest.c  >&5
conftest.c:44: warning: conflicting types for built-in function 'sqrt'
/tmp/ccE446Qv.o: In function `main':
conftest.c:(.text+0x7): undefined reference to `sqrt'
collect2: ld returned 1 exit status
configure:19980: $? = 1
configure: failed program was:
| /* confdefs.h.  */
| #define PACKAGE_NAME "EXIF library"
| #define PACKAGE_TARNAME "libexif"
| #define PACKAGE_VERSION "0.6.17"
| #define PACKAGE_STRING "EXIF library 0.6.17"
| #define PACKAGE_BUGREPORT "libexif-devel@lists.sourceforge.net"
| #define PACKAGE "libexif"
| #define VERSION "0.6.17"
| #define STDC_HEADERS 1
| #define HAVE_SYS_TYPES_H 1
| #define HAVE_SYS_STAT_H 1
| #define HAVE_STDLIB_H 1
| #define HAVE_STRING_H 1
| #define HAVE_MEMORY_H 1
| #define HAVE_STRINGS_H 1
| #define HAVE_INTTYPES_H 1
| #define HAVE_STDINT_H 1
| #define HAVE_UNISTD_H 1
| #define HAVE_DLFCN_H 1
| /* end confdefs.h.  */
| /* Define sqrt to an innocuous variant, in case <limits.h> declares sqrt.
|    For example, HP-UX 11i <limits.h> declares gettimeofday.  */
| #define sqrt innocuous_sqrt
| 
| /* System header to define __stub macros and hopefully few prototypes,
|     which can conflict with char sqrt (); below.
|     Prefer <limits.h> to <assert.h> if __STDC__ is defined, since
|     <limits.h> exists even on freestanding compilers.  */
| 
| #ifdef __STDC__
| # include <limits.h>
| #else
| # include <assert.h>
| #endif
| 
| #undef sqrt
| 
| /* Override any GCC internal prototype to avoid an error.
|    Use char because int might match the return type of a GCC
|    builtin and then its argument prototype would still apply.  */
| #ifdef __cplusplus
| extern "C"
| #endif
| char sqrt ();
| /* The GNU C library defines this for functions which it implements
|     to always fail with ENOSYS.  Some functions are actually named
|     something starting with __ and the normal name is an alias.  */
| #if defined __stub_sqrt || defined __stub___sqrt
| choke me
| #endif
| 
| int
| main ()
| {
| return sqrt ();
|   ;
|   return 0;
| }
configure:19997: result: no
configure:20005: checking for sqrt in -lm
configure:20040: gcc -o conftest    conftest.c -lm   >&5
conftest.c:28: warning: conflicting types for built-in function 'sqrt'
configure:20046: $? = 0
configure:20064: result: yes
configure:20092: checking whether to build any docs
configure:20105: result: yes
configure:20126: checking main docdir
configure:20138: result: ${prefix}/share/doc (FHS style)
configure:20150: checking package docdir
configure:20161: result: ${prefix}/share/doc/libexif (default style)
configure:20170: checking for dot
configure:20201: result: false
configure:20211: checking for doxygen
configure:20242: result: false
configure:20302: checking whether to create internal code docs
configure:20304: result: no
configure:20334: checking whether NLS is requested
configure:20343: result: yes
configure:20381: checking for msgfmt
configure:20412: result: /usr/bin/msgfmt
configure:20421: checking for gmsgfmt
configure:20452: result: /usr/bin/msgfmt
configure:20492: checking for xgettext
configure:20523: result: /usr/bin/xgettext
configure:20563: checking for msgmerge
configure:20593: result: /usr/bin/msgmerge
configure:20640: checking for po/Makevars requiring hack
configure:20647: result: no
configure:20692: checking for ld used by GCC
configure:20756: result: /usr/bin/ld
configure:20765: checking if the linker (/usr/bin/ld) is GNU ld
configure:20778: result: yes
configure:20784: checking for shared library run path origin
configure:20797: result: done
configure:21213: checking whether NLS is requested
configure:21222: result: yes
configure:21240: checking for GNU gettext in libc
configure:21269: gcc -o conftest -g -O2   conftest.c  >&5
configure:21275: $? = 0
configure:21292: result: yes
configure:21982: checking whether to use NLS
configure:21984: result: yes
configure:21987: checking where the gettext function comes from
configure:21998: result: libc
configure:22089: checking for iconv
configure:22121: gcc -o conftest -g -O2   conftest.c  >&5
configure:22127: $? = 0
configure:22197: result: yes
configure:22220: checking for iconv declaration
configure:22259: gcc -c -g -O2  conftest.c >&5
configure:22265: $? = 0
configure:22284: result: 
         extern size_t iconv (iconv_t cd, char * *inbuf, size_t *inbytesleft, char * *outbuf, size_t *outbytesleft);
configure:22502: creating ./config.status

## ---------------------- ##
## Running config.status. ##
## ---------------------- ##

This file was extended by EXIF library config.status 0.6.17, which was
generated by GNU Autoconf 2.61.  Invocation command line was

  CONFIG_FILES    = 
  CONFIG_HEADERS  = 
  CONFIG_LINKS    = 
  CONFIG_COMMANDS = 
  $ ./config.status 

on hideo-desktop

config.status:720: creating po/Makefile.in
config.status:860: WARNING:  po/Makefile.in.in seems to ignore the --datarootdir setting
config.status:720: creating Makefile
config.status:720: creating libexif.spec
config.status:720: creating libexif/Makefile
config.status:720: creating test/Makefile
config.status:720: creating test/nls/Makefile
config.status:720: creating m4m/Makefile
config.status:720: creating doc/Makefile
config.status:720: creating doc/Doxyfile
config.status:720: creating doc/Doxyfile-internals
config.status:720: creating libexif.pc
config.status:720: creating libexif-uninstalled.pc
config.status:720: creating binary/Makefile
config.status:720: creating contrib/Makefile
config.status:720: creating config.h
config.status:952: config.h is unchanged
config.status:998: executing depfiles commands
config.status:998: executing default-1 commands

## ---------------- ##
## Cache variables. ##
## ---------------- ##

ac_cv_build=i686-pc-linux-gnu
ac_cv_c_compiler_gnu=yes
ac_cv_c_const=yes
ac_cv_cxx_compiler_gnu=yes
ac_cv_env_CCC_set=
ac_cv_env_CCC_value=
ac_cv_env_CC_set=
ac_cv_env_CC_value=
ac_cv_env_CFLAGS_set=
ac_cv_env_CFLAGS_value=
ac_cv_env_CPPFLAGS_set=
ac_cv_env_CPPFLAGS_value=
ac_cv_env_CPP_set=
ac_cv_env_CPP_value=
ac_cv_env_CXXCPP_set=
ac_cv_env_CXXCPP_value=
ac_cv_env_CXXFLAGS_set=
ac_cv_env_CXXFLAGS_value=
ac_cv_env_CXX_set=
ac_cv_env_CXX_value=
ac_cv_env_F77_set=
ac_cv_env_F77_value=
ac_cv_env_FFLAGS_set=
ac_cv_env_FFLAGS_value=
ac_cv_env_LDFLAGS_set=
ac_cv_env_LDFLAGS_value=
ac_cv_env_LIBS_set=
ac_cv_env_LIBS_value=
ac_cv_env_MATHLIBS_set=
ac_cv_env_MATHLIBS_value=
ac_cv_env_build_alias_set=
ac_cv_env_build_alias_value=
ac_cv_env_host_alias_set=
ac_cv_env_host_alias_value=
ac_cv_env_target_alias_set=
ac_cv_env_target_alias_value=
ac_cv_f77_compiler_gnu=no
ac_cv_func_sqrt=no
ac_cv_header_dlfcn_h=yes
ac_cv_header_inttypes_h=yes
ac_cv_header_memory_h=yes
ac_cv_header_stdc=yes
ac_cv_header_stdint_h=yes
ac_cv_header_stdlib_h=yes
ac_cv_header_string_h=yes
ac_cv_header_strings_h=yes
ac_cv_header_sys_stat_h=yes
ac_cv_header_sys_types_h=yes
ac_cv_header_unistd_h=yes
ac_cv_host=i686-pc-linux-gnu
ac_cv_lib_m_sqrt=yes
ac_cv_objext=o
ac_cv_path_DOT=false
ac_cv_path_DOXYGEN=false
ac_cv_path_EGREP='/bin/grep -E'
ac_cv_path_GMSGFMT=/usr/bin/msgfmt
ac_cv_path_GREP=/bin/grep
ac_cv_path_MSGFMT=/usr/bin/msgfmt
ac_cv_path_MSGMERGE=/usr/bin/msgmerge
ac_cv_path_XGETTEXT=/usr/bin/xgettext
ac_cv_path_install='/usr/bin/install -c'
ac_cv_path_mkdir=/bin/mkdir
ac_cv_prog_AWK=gawk
ac_cv_prog_CPP='gcc -E'
ac_cv_prog_CXXCPP='g++ -E'
ac_cv_prog_ac_ct_AR=ar
ac_cv_prog_ac_ct_CC=gcc
ac_cv_prog_ac_ct_CXX=g++
ac_cv_prog_ac_ct_RANLIB=ranlib
ac_cv_prog_ac_ct_STRIP=strip
ac_cv_prog_cc_c89=
ac_cv_prog_cc_g=yes
ac_cv_prog_cxx_g=yes
ac_cv_prog_f77_g=no
ac_cv_prog_make_make_set=yes
ac_cv_type_uint8_t=yes
acl_cv_hardcode_direct=no
acl_cv_hardcode_libdir_flag_spec='${wl}-rpath ${wl}$libdir'
acl_cv_hardcode_libdir_separator=
acl_cv_hardcode_minus_L=no
acl_cv_libext=a
acl_cv_path_LD=/usr/bin/ld
acl_cv_prog_gnu_ld=yes
acl_cv_rpath=done
acl_cv_shlibext=so
acl_cv_wl=-Wl,
am_cv_CC_dependencies_compiler_type=gcc3
am_cv_CXX_dependencies_compiler_type=gcc3
am_cv_func_iconv=yes
am_cv_lib_iconv=no
am_cv_proto_iconv='extern size_t iconv (iconv_t cd, char * *inbuf, size_t *inbytesleft, char * *outbuf, size_t *outbytesleft);'
am_cv_proto_iconv_arg1=
gt_cv_func_gnugettext1_libc=yes
lt_cv_deplibs_check_method=pass_all
lt_cv_file_magic_cmd='$MAGIC_CMD'
lt_cv_file_magic_test_file=
lt_cv_ld_reload_flag=-r
lt_cv_objdir=.libs
lt_cv_path_LD=/usr/bin/ld
lt_cv_path_LDCXX=/usr/bin/ld
lt_cv_path_NM='/usr/bin/nm -B'
lt_cv_path_SED=/bin/sed
lt_cv_prog_compiler_c_o=yes
lt_cv_prog_compiler_c_o_CXX=yes
lt_cv_prog_compiler_rtti_exceptions=no
lt_cv_prog_gnu_ld=yes
lt_cv_prog_gnu_ldcxx=yes
lt_cv_sys_global_symbol_pipe='sed -n -e '\''s/^.*[ 	]\([ABCDGIRSTW][ABCDGIRSTW]*\)[ 	][ 	]*\([_A-Za-z][_A-Za-z0-9]*\)$/\1 \2 \2/p'\'''
lt_cv_sys_global_symbol_to_c_name_address='sed -n -e '\''s/^: \([^ ]*\) $/  {\"\1\", (lt_ptr) 0},/p'\'' -e '\''s/^[BCDEGRST] \([^ ]*\) \([^ ]*\)$/  {"\2", (lt_ptr) \&\2},/p'\'''
lt_cv_sys_global_symbol_to_cdecl='sed -n -e '\''s/^. .* \(.*\)$/extern int \1;/p'\'''
lt_cv_sys_max_cmd_len=1572864
lt_lt_cv_prog_compiler_c_o='"yes"'
lt_lt_cv_prog_compiler_c_o_CXX='"yes"'
lt_lt_cv_sys_global_symbol_pipe='"sed -n -e '\''s/^.*[ 	]\\([ABCDGIRSTW][ABCDGIRSTW]*\\)[ 	][ 	]*\\([_A-Za-z][_A-Za-z0-9]*\\)\$/\\1 \\2 \\2/p'\''"'
lt_lt_cv_sys_global_symbol_to_c_name_address='"sed -n -e '\''s/^: \\([^ ]*\\) \$/  {\\\"\\1\\\", (lt_ptr) 0},/p'\'' -e '\''s/^[BCDEGRST] \\([^ ]*\\) \\([^ ]*\\)\$/  {\"\\2\", (lt_ptr) \\&\\2},/p'\''"'
lt_lt_cv_sys_global_symbol_to_cdecl='"sed -n -e '\''s/^. .* \\(.*\\)\$/extern int \\1;/p'\''"'

## ----------------- ##
## Output variables. ##
## ----------------- ##

ACLOCAL='${SHELL} /home/hideo/mydroid-donut/external/upnp-extension/libexif/missing --run aclocal-1.10'
AMDEPBACKSLASH='\'
AMDEP_FALSE='#'
AMDEP_TRUE=''
AMTAR='${SHELL} /home/hideo/mydroid-donut/external/upnp-extension/libexif/missing --run tar'
AM_CPPFLAGS=' -DGETTEXT_PACKAGE=\"libexif-12\" -DLOCALEDIR=\"$(datadir)/locale\" -I$(top_srcdir) -I$(top_builddir) -g -Wall -Wmissing-declarations -Wmissing-prototypes'
AM_LDFLAGS=' -g -Wall'
AR='ar'
AUTOCONF='${SHELL} /home/hideo/mydroid-donut/external/upnp-extension/libexif/missing --run autoconf'
AUTOHEADER='${SHELL} /home/hideo/mydroid-donut/external/upnp-extension/libexif/missing --run autoheader'
AUTOMAKE='${SHELL} /home/hideo/mydroid-donut/external/upnp-extension/libexif/missing --run automake-1.10'
AWK='gawk'
BUILD_DOCS_FALSE='#'
BUILD_DOCS_TRUE=''
CC='gcc'
CCDEPMODE='depmode=gcc3'
CFLAGS='-g -O2'
CPP='gcc -E'
CPPFLAGS=''
CXX='g++'
CXXCPP='g++ -E'
CXXDEPMODE='depmode=gcc3'
CXXFLAGS='-g -O2'
CYGPATH_W='echo'
DEFS='-DHAVE_CONFIG_H'
DEPDIR='.deps'
DOT='false'
DOXYGEN='false'
DOXYGEN_OUTPUT_DIR='doxygen-output'
ECHO='echo'
ECHO_C=''
ECHO_N='-n'
ECHO_T=''
EGREP='/bin/grep -E'
ENABLE_INTERNAL_DOCS_FALSE=''
ENABLE_INTERNAL_DOCS_TRUE='#'
EXEEXT=''
F77=''
FFLAGS=''
GETTEXT_PACKAGE='libexif-12'
GMSGFMT='/usr/bin/msgfmt'
GREP='/bin/grep'
HAVE_DOT='NO'
HAVE_DOT_FALSE=''
HAVE_DOT_TRUE='#'
HAVE_DOXYGEN_FALSE=''
HAVE_DOXYGEN_TRUE='#'
HTML_APIDOC_DIR='libexif-api.html'
HTML_APIDOC_INTERNALS_DIR='libexif-internals.html'
INSTALL_DATA='${INSTALL} -m 644'
INSTALL_PROGRAM='${INSTALL}'
INSTALL_SCRIPT='${INSTALL}'
INSTALL_STRIP_PROGRAM='$(install_sh) -c -s'
INTLLIBS=''
LDFLAGS=''
LIBEXIF_AGE='2'
LIBEXIF_CURRENT='14'
LIBEXIF_CURRENT_MIN='12'
LIBEXIF_REVISION='1'
LIBEXIF_VERSION_INFO='14:1:2'
LIBICONV=''
LIBINTL=''
LIBOBJS=''
LIBS=''
LIBTOOL='$(SHELL) $(top_builddir)/libtool'
LN_S='ln -s'
LTLIBICONV=''
LTLIBINTL=''
LTLIBOBJS=''
MAKEINFO='${SHELL} /home/hideo/mydroid-donut/external/upnp-extension/libexif/missing --run makeinfo'
MATHLIBS='-lm'
MKINSTALLDIRS='$(top_builddir)/./mkinstalldirs'
MSGFMT='/usr/bin/msgfmt'
MSGMERGE='/usr/bin/msgmerge'
OBJEXT='o'
PACKAGE='libexif'
PACKAGE_BUGREPORT='libexif-devel@lists.sourceforge.net'
PACKAGE_NAME='EXIF library'
PACKAGE_STRING='EXIF library 0.6.17'
PACKAGE_TARNAME='libexif'
PACKAGE_VERSION='0.6.17'
PATH_SEPARATOR=':'
POSUB='po'
RANLIB='ranlib'
SED='/bin/sed'
SET_MAKE=''
SHELL='/bin/sh'
SHIP_BINARIES_FALSE=''
SHIP_BINARIES_TRUE='#'
STRIP='strip'
USE_NLS='yes'
VERSION='0.6.17'
XGETTEXT='/usr/bin/xgettext'
ac_ct_CC='gcc'
ac_ct_CXX='g++'
ac_ct_F77=''
am__fastdepCC_FALSE='#'
am__fastdepCC_TRUE=''
am__fastdepCXX_FALSE='#'
am__fastdepCXX_TRUE=''
am__include='include'
am__isrc=''
am__leading_dot='.'
am__quote=''
am__tar='${AMTAR} chof - "$$tardir"'
am__untar='${AMTAR} xf -'
bindir='${exec_prefix}/bin'
build='i686-pc-linux-gnu'
build_alias=''
build_cpu='i686'
build_os='linux-gnu'
build_vendor='pc'
datadir='${datarootdir}'
datarootdir='${prefix}/share'
docdir='${prefix}/share/doc/libexif'
dvidir='${docdir}'
exec_prefix='${prefix}'
host='i686-pc-linux-gnu'
host_alias=''
host_cpu='i686'
host_os='linux-gnu'
host_vendor='pc'
htmldir='${docdir}'
includedir='${prefix}/include'
infodir='${datarootdir}/info'
install_sh='$(SHELL) /home/hideo/mydroid-donut/external/upnp-extension/libexif/install-sh'
libdir='${exec_prefix}/lib'
libexecdir='${exec_prefix}/libexec'
localedir='$(datadir)/locale'
localstatedir='${prefix}/var'
mandir='${datarootdir}/man'
mkdir_p='/bin/mkdir -p'
oldincludedir='/usr/include'
pdfdir='${docdir}'
prefix='/usr/local'
program_transform_name='s,x,x,'
psdir='${docdir}'
sbindir='${exec_prefix}/sbin'
sharedstatedir='${prefix}/com'
sysconfdir='${prefix}/etc'
target_alias=''

## ----------- ##
## confdefs.h. ##
## ----------- ##

#define PACKAGE_NAME "EXIF library"
#define PACKAGE_TARNAME "libexif"
#define PACKAGE_VERSION "0.6.17"
#define PACKAGE_STRING "EXIF library 0.6.17"
#define PACKAGE_BUGREPORT "libexif-devel@lists.sourceforge.net"
#define PACKAGE "libexif"
#define VERSION "0.6.17"
#define STDC_HEADERS 1
#define HAVE_SYS_TYPES_H 1
#define HAVE_SYS_STAT_H 1
#define HAVE_STDLIB_H 1
#define HAVE_STRING_H 1
#define HAVE_MEMORY_H 1
#define HAVE_STRINGS_H 1
#define HAVE_INTTYPES_H 1
#define HAVE_STDINT_H 1
#define HAVE_UNISTD_H 1
#define HAVE_DLFCN_H 1
#define ENABLE_NLS 1
#define HAVE_GETTEXT 1
#define HAVE_DCGETTEXT 1
#define HAVE_ICONV 1
#define ICONV_CONST 

configure: exit 0
